<?xml version="1.0" encoding="UTF-8"?>
<!-- Generated by org.testng.reporters.JUnitXMLReporter -->
<testsuite hostname="DELL" name="My HubSpot test chrome" tests="3" failures="0" timestamp="9 Mar 2020 12:52:09 GMT" time="51.952" errors="0">
  <testcase name="verifyLoginPageTitleTest" time="0.049" classname="com.qa.mytest.LoginTest"/>
  <testcase name="verifyLoginPageHeaderTest" time="5.118" classname="com.qa.mytest.LoginTest"/>
  <testcase name="doLoginTest" time="16.524" classname="com.qa.mytest.LoginTest"/>
</testsuite> <!-- My HubSpot test chrome -->
