<?xml version="1.0" encoding="UTF-8"?>
<!-- Generated by org.testng.reporters.JUnitXMLReporter -->
<testsuite hostname="DELL" name="My HubSpot test firefox" tests="3" failures="0" timestamp="9 Mar 2020 12:53:27 GMT" time="77.67" errors="0">
  <testcase name="verifyLoginPageTitleTest" time="0.014" classname="com.qa.mytest.LoginTest"/>
  <testcase name="verifyLoginPageHeaderTest" time="5.125" classname="com.qa.mytest.LoginTest"/>
  <testcase name="doLoginTest" time="16.337" classname="com.qa.mytest.LoginTest"/>
</testsuite> <!-- My HubSpot test firefox -->
