<?xml version="1.0" encoding="UTF-8"?>
<!-- Generated by org.testng.reporters.JUnitXMLReporter -->
<testsuite hostname="DELL" name="Parameter TestNG HubSpot Chrome Browser" tests="4" failures="0" timestamp="20 Apr 2020 14:41:50 GMT" time="71.826" errors="0">
  <testcase name="verifyLoginPageTitleTest" time="1.21" classname="com.qa.mytest.LoginTest"/>
  <testcase name="verifyLoginPageHeaderTest" time="5.083" classname="com.qa.mytest.LoginTest"/>
  <testcase name="verifyForgotPasswordLinkTest" time="5.294" classname="com.qa.mytest.LoginTest"/>
  <testcase name="doLoginTest" time="16.127" classname="com.qa.mytest.LoginTest"/>
</testsuite> <!-- Parameter TestNG HubSpot Chrome Browser -->
