<?xml version="1.0" encoding="UTF-8"?>
<!-- Generated by org.testng.reporters.JUnitXMLReporter -->
<testsuite hostname="DELL" name="Parameter TestNG HubSpot FireFox Browser" tests="4" failures="0" timestamp="2 Apr 2020 14:47:10 GMT" time="103.759" errors="0">
  <testcase name="verifyLoginPageTitleTest" time="0.024" classname="com.qa.mytest.LoginTest"/>
  <testcase name="verifyLoginPageHeaderTest" time="5.059" classname="com.qa.mytest.LoginTest"/>
  <testcase name="verifyForgotPasswordLinkTest" time="5.11" classname="com.qa.mytest.LoginTest"/>
  <testcase name="doLoginTest" time="16.115" classname="com.qa.mytest.LoginTest"/>
</testsuite> <!-- Parameter TestNG HubSpot FireFox Browser -->
